<?xml version="1.0" encoding="UTF-8"?>
<!-- Generated by org.testng.reporters.JUnitReportReporter -->
<testsuite hostname="LTIN487229" failures="0" tests="10" name="testCase.TS_03_ValidationSergeriesPage" time="204.829" errors="0" timestamp="2024-04-08T16:36:31 IST" skipped="0">
  <testcase classname="testCase.TS_03_ValidationSergeriesPage" name="contactDetails" time="20.684"/>
  <testcase classname="testCase.TS_03_ValidationSergeriesPage" name="contactDetails" time="21.645"/>
  <testcase classname="testCase.TS_03_ValidationSergeriesPage" name="practoCareBenifits" time="20.317"/>
  <testcase classname="testCase.TS_03_ValidationSergeriesPage" name="practoCareBenifits" time="17.351"/>
  <testcase classname="testCase.TS_03_ValidationSergeriesPage" name="howItWorks" time="23.343"/>
  <testcase classname="testCase.TS_03_ValidationSergeriesPage" name="howItWorks" time="18.178"/>
  <testcase classname="testCase.TS_03_ValidationSergeriesPage" name="allSurgeries" time="23.668"/>
  <testcase classname="testCase.TS_03_ValidationSergeriesPage" name="allSurgeries" time="15.873"/>
  <testcase classname="testCase.TS_03_ValidationSergeriesPage" name="allDepartment" time="21.670"/>
  <testcase classname="testCase.TS_03_ValidationSergeriesPage" name="allDepartment" time="22.100"/>
</testsuite> <!-- testCase.TS_03_ValidationSergeriesPage -->
