<?xml version="1.0" encoding="UTF-8"?>
<!-- Generated by org.testng.reporters.JUnitReportReporter -->
<testsuite hostname="LTIN487229" failures="0" tests="10" name="testCase.TS_04_ValidationOfLabTest" time="259.149" errors="0" timestamp="2024-04-08T16:36:31 IST" skipped="0">
  <testcase classname="testCase.TS_04_ValidationOfLabTest" name="isLabTestclickable" time="31.705"/>
  <testcase classname="testCase.TS_04_ValidationOfLabTest" name="isLabTestclickable" time="30.916"/>
  <testcase classname="testCase.TS_04_ValidationOfLabTest" name="topCitiesBlockAvailable" time="23.704"/>
  <testcase classname="testCase.TS_04_ValidationOfLabTest" name="topCitiesBlockAvailable" time="24.971"/>
  <testcase classname="testCase.TS_04_ValidationOfLabTest" name="allCitiesBlockAvailable" time="19.031"/>
  <testcase classname="testCase.TS_04_ValidationOfLabTest" name="allCitiesBlockAvailable" time="22.859"/>
  <testcase classname="testCase.TS_04_ValidationOfLabTest" name="needHelpBlockValidation" time="26.996"/>
  <testcase classname="testCase.TS_04_ValidationOfLabTest" name="needHelpBlockValidation" time="27.246"/>
  <testcase classname="testCase.TS_04_ValidationOfLabTest" name="addToCartValidation" time="19.709"/>
  <testcase classname="testCase.TS_04_ValidationOfLabTest" name="addToCartValidation" time="32.012"/>
</testsuite> <!-- testCase.TS_04_ValidationOfLabTest -->
