<?xml version="1.0" encoding="UTF-8"?>
<!-- Generated by org.testng.reporters.JUnitReportReporter -->
<testsuite hostname="LTIN487229" failures="0" tests="6" name="testCase.TS_05_ValidationOfScheduling" time="151.636" errors="0" timestamp="2024-04-07T15:50:41 IST" skipped="0">
  <testcase classname="testCase.TS_05_ValidationOfScheduling" name="isHealthIsClickable" time="22.922"/>
  <testcase classname="testCase.TS_05_ValidationOfScheduling" name="withAllValidDetails" time="18.299"/>
  <testcase classname="testCase.TS_05_ValidationOfScheduling" name="withAllValidDetails" time="18.835"/>
  <testcase classname="testCase.TS_05_ValidationOfScheduling" name="withAllValidDetails" time="23.303"/>
  <testcase classname="testCase.TS_05_ValidationOfScheduling" name="withAllValidDetails" time="18.799"/>
  <testcase classname="testCase.TS_05_ValidationOfScheduling" name="validationOfThankYouMessage" time="49.478"/>
</testsuite> <!-- testCase.TS_05_ValidationOfScheduling -->
