<?xml version="1.0" encoding="UTF-8"?>
<!-- Generated by org.testng.reporters.JUnitReportReporter -->
<testsuite hostname="LTIN487229" failures="0" tests="10" name="testCase.TS_01_ValidationOfHomePage" time="156.507" errors="0" timestamp="2024-04-08T16:36:31 IST" skipped="0">
  <testcase classname="testCase.TS_01_ValidationOfHomePage" name="logoValidation" time="14.787"/>
  <testcase classname="testCase.TS_01_ValidationOfHomePage" name="logoValidation" time="8.752"/>
  <testcase classname="testCase.TS_01_ValidationOfHomePage" name="downloadValidation" time="12.600"/>
  <testcase classname="testCase.TS_01_ValidationOfHomePage" name="downloadValidation" time="21.118"/>
  <testcase classname="testCase.TS_01_ValidationOfHomePage" name="copyRightValidation" time="13.726"/>
  <testcase classname="testCase.TS_01_ValidationOfHomePage" name="copyRightValidation" time="17.005"/>
  <testcase classname="testCase.TS_01_ValidationOfHomePage" name="loginValidation" time="19.046"/>
  <testcase classname="testCase.TS_01_ValidationOfHomePage" name="loginValidation" time="14.187"/>
  <testcase classname="testCase.TS_01_ValidationOfHomePage" name="functionalityValidation" time="17.830"/>
  <testcase classname="testCase.TS_01_ValidationOfHomePage" name="functionalityValidation" time="17.456"/>
</testsuite> <!-- testCase.TS_01_ValidationOfHomePage -->
