<?xml version="1.0" encoding="UTF-8"?>
<!-- Generated by org.testng.reporters.JUnitReportReporter -->
<testsuite hostname="LTIN487229" failures="0" tests="10" name="testCase.TS_05_ValidationOfSearchPage" time="242.681" errors="0" timestamp="2024-04-08T16:36:31 IST" skipped="0">
  <testcase classname="testCase.TS_05_ValidationOfSearchPage" name="dropDownVerification" time="36.921"/>
  <testcase classname="testCase.TS_05_ValidationOfSearchPage" name="dropDownVerification" time="35.554"/>
  <testcase classname="testCase.TS_05_ValidationOfSearchPage" name="professionVerification" time="32.437"/>
  <testcase classname="testCase.TS_05_ValidationOfSearchPage" name="professionVerification" time="38.321"/>
  <testcase classname="testCase.TS_05_ValidationOfSearchPage" name="professionValidation" time="20.309"/>
  <testcase classname="testCase.TS_05_ValidationOfSearchPage" name="professionValidation" time="16.374"/>
  <testcase classname="testCase.TS_05_ValidationOfSearchPage" name="userVerification" time="16.045"/>
  <testcase classname="testCase.TS_05_ValidationOfSearchPage" name="userVerification" time="13.250"/>
  <testcase classname="testCase.TS_05_ValidationOfSearchPage" name="verifyLocation" time="13.884"/>
  <testcase classname="testCase.TS_05_ValidationOfSearchPage" name="verifyLocation" time="19.586"/>
</testsuite> <!-- testCase.TS_05_ValidationOfSearchPage -->
